{"/home/runner/work/tscmono/tscmono/packages/utils/src/logger.ts": {"path":"/home/runner/work/tscmono/tscmono/packages/utils/src/logger.ts","all":false,"statementMap":{"0":{"start":{"line":1,"column":0},"end":{"line":1,"column":22}},"1":{"start":{"line":2,"column":0},"end":{"line":2,"column":0}},"2":{"start":{"line":3,"column":0},"end":{"line":3,"column":24}},"3":{"start":{"line":4,"column":0},"end":{"line":4,"column":26}},"4":{"start":{"line":5,"column":0},"end":{"line":5,"column":60}},"5":{"start":{"line":6,"column":0},"end":{"line":6,"column":8}},"6":{"start":{"line":7,"column":0},"end":{"line":7,"column":16}},"7":{"start":{"line":8,"column":0},"end":{"line":8,"column":22}},"8":{"start":{"line":9,"column":0},"end":{"line":9,"column":29}},"9":{"start":{"line":10,"column":0},"end":{"line":10,"column":31}},"10":{"start":{"line":11,"column":0},"end":{"line":11,"column":23}},"11":{"start":{"line":12,"column":0},"end":{"line":12,"column":30}},"12":{"start":{"line":13,"column":0},"end":{"line":13,"column":0}},"13":{"start":{"line":14,"column":0},"end":{"line":14,"column":3}},"14":{"start":{"line":15,"column":0},"end":{"line":15,"column":10}},"15":{"start":{"line":16,"column":0},"end":{"line":16,"column":3}},"16":{"start":{"line":17,"column":0},"end":{"line":17,"column":23}},"17":{"start":{"line":18,"column":0},"end":{"line":18,"column":17}},"18":{"start":{"line":19,"column":0},"end":{"line":19,"column":2}},"19":{"start":{"line":20,"column":0},"end":{"line":20,"column":0}},"20":{"start":{"line":21,"column":0},"end":{"line":21,"column":3}},"21":{"start":{"line":22,"column":0},"end":{"line":22,"column":23}},"22":{"start":{"line":23,"column":0},"end":{"line":23,"column":20}},"23":{"start":{"line":24,"column":0},"end":{"line":24,"column":3}},"24":{"start":{"line":25,"column":0},"end":{"line":25,"column":23}},"25":{"start":{"line":26,"column":0},"end":{"line":26,"column":5}},"26":{"start":{"line":27,"column":0},"end":{"line":27,"column":58}},"27":{"start":{"line":28,"column":0},"end":{"line":28,"column":5}},"28":{"start":{"line":29,"column":0},"end":{"line":29,"column":19}},"29":{"start":{"line":30,"column":0},"end":{"line":30,"column":35}},"30":{"start":{"line":31,"column":0},"end":{"line":31,"column":4}},"31":{"start":{"line":32,"column":0},"end":{"line":32,"column":5}},"32":{"start":{"line":33,"column":0},"end":{"line":33,"column":57}},"33":{"start":{"line":34,"column":0},"end":{"line":34,"column":5}},"34":{"start":{"line":35,"column":0},"end":{"line":35,"column":28}},"35":{"start":{"line":36,"column":0},"end":{"line":36,"column":11}},"36":{"start":{"line":37,"column":0},"end":{"line":37,"column":4}},"37":{"start":{"line":38,"column":0},"end":{"line":38,"column":5}},"38":{"start":{"line":39,"column":0},"end":{"line":39,"column":62}},"39":{"start":{"line":40,"column":0},"end":{"line":40,"column":35}},"40":{"start":{"line":41,"column":0},"end":{"line":41,"column":5}},"41":{"start":{"line":42,"column":0},"end":{"line":42,"column":39}},"42":{"start":{"line":43,"column":0},"end":{"line":43,"column":36}},"43":{"start":{"line":44,"column":0},"end":{"line":44,"column":17}},"44":{"start":{"line":45,"column":0},"end":{"line":45,"column":4}},"45":{"start":{"line":46,"column":0},"end":{"line":46,"column":2}},"46":{"start":{"line":47,"column":0},"end":{"line":47,"column":0}},"47":{"start":{"line":48,"column":0},"end":{"line":48,"column":3}},"48":{"start":{"line":49,"column":0},"end":{"line":49,"column":67}},"49":{"start":{"line":50,"column":0},"end":{"line":50,"column":20}},"50":{"start":{"line":51,"column":0},"end":{"line":51,"column":3}},"51":{"start":{"line":52,"column":0},"end":{"line":52,"column":69}},"52":{"start":{"line":53,"column":0},"end":{"line":53,"column":0}},"53":{"start":{"line":54,"column":0},"end":{"line":54,"column":3}},"54":{"start":{"line":55,"column":0},"end":{"line":55,"column":83}},"55":{"start":{"line":56,"column":0},"end":{"line":56,"column":74}},"56":{"start":{"line":57,"column":0},"end":{"line":57,"column":22}},"57":{"start":{"line":58,"column":0},"end":{"line":58,"column":40}},"58":{"start":{"line":59,"column":0},"end":{"line":59,"column":20}},"59":{"start":{"line":60,"column":0},"end":{"line":60,"column":3}},"60":{"start":{"line":61,"column":0},"end":{"line":61,"column":30}},"61":{"start":{"line":62,"column":0},"end":{"line":62,"column":19}},"62":{"start":{"line":63,"column":0},"end":{"line":63,"column":51}},"63":{"start":{"line":64,"column":0},"end":{"line":64,"column":21}},"64":{"start":{"line":65,"column":0},"end":{"line":65,"column":13}},"65":{"start":{"line":66,"column":0},"end":{"line":66,"column":18}},"66":{"start":{"line":67,"column":0},"end":{"line":67,"column":40}},"67":{"start":{"line":68,"column":0},"end":{"line":68,"column":25}},"68":{"start":{"line":69,"column":0},"end":{"line":69,"column":24}},"69":{"start":{"line":70,"column":0},"end":{"line":70,"column":0}},"70":{"start":{"line":71,"column":0},"end":{"line":71,"column":3}},"71":{"start":{"line":72,"column":0},"end":{"line":72,"column":65}},"72":{"start":{"line":73,"column":0},"end":{"line":73,"column":14}},"73":{"start":{"line":74,"column":0},"end":{"line":74,"column":55}},"74":{"start":{"line":75,"column":0},"end":{"line":75,"column":20}},"75":{"start":{"line":76,"column":0},"end":{"line":76,"column":3}},"76":{"start":{"line":77,"column":0},"end":{"line":77,"column":39}},"77":{"start":{"line":78,"column":0},"end":{"line":78,"column":31}},"78":{"start":{"line":79,"column":0},"end":{"line":79,"column":41}},"79":{"start":{"line":80,"column":0},"end":{"line":80,"column":79}},"80":{"start":{"line":81,"column":0},"end":{"line":81,"column":19}},"81":{"start":{"line":82,"column":0},"end":{"line":82,"column":0}},"82":{"start":{"line":83,"column":0},"end":{"line":83,"column":3}},"83":{"start":{"line":84,"column":0},"end":{"line":84,"column":77}},"84":{"start":{"line":85,"column":0},"end":{"line":85,"column":41}},"85":{"start":{"line":86,"column":0},"end":{"line":86,"column":17}},"86":{"start":{"line":87,"column":0},"end":{"line":87,"column":3}},"87":{"start":{"line":88,"column":0},"end":{"line":88,"column":48}},"88":{"start":{"line":89,"column":0},"end":{"line":89,"column":22}},"89":{"start":{"line":90,"column":0},"end":{"line":90,"column":21}},"90":{"start":{"line":91,"column":0},"end":{"line":91,"column":45}},"91":{"start":{"line":92,"column":0},"end":{"line":92,"column":60}},"92":{"start":{"line":93,"column":0},"end":{"line":93,"column":12}},"93":{"start":{"line":94,"column":0},"end":{"line":94,"column":11}},"94":{"start":{"line":95,"column":0},"end":{"line":95,"column":13}},"95":{"start":{"line":96,"column":0},"end":{"line":96,"column":6}},"96":{"start":{"line":97,"column":0},"end":{"line":97,"column":3}},"97":{"start":{"line":98,"column":0},"end":{"line":98,"column":10}},"98":{"start":{"line":99,"column":0},"end":{"line":99,"column":22}},"99":{"start":{"line":100,"column":0},"end":{"line":100,"column":4}},"100":{"start":{"line":101,"column":0},"end":{"line":101,"column":2}},"101":{"start":{"line":102,"column":0},"end":{"line":102,"column":0}},"102":{"start":{"line":103,"column":0},"end":{"line":103,"column":3}},"103":{"start":{"line":104,"column":0},"end":{"line":104,"column":92}},"104":{"start":{"line":105,"column":0},"end":{"line":105,"column":55}},"105":{"start":{"line":106,"column":0},"end":{"line":106,"column":20}},"106":{"start":{"line":107,"column":0},"end":{"line":107,"column":3}},"107":{"start":{"line":108,"column":0},"end":{"line":108,"column":77}},"108":{"start":{"line":109,"column":0},"end":{"line":109,"column":18}},"109":{"start":{"line":110,"column":0},"end":{"line":110,"column":6}},"110":{"start":{"line":111,"column":0},"end":{"line":111,"column":60}},"111":{"start":{"line":112,"column":0},"end":{"line":112,"column":32}},"112":{"start":{"line":113,"column":0},"end":{"line":113,"column":42}},"113":{"start":{"line":114,"column":0},"end":{"line":114,"column":4}},"114":{"start":{"line":115,"column":0},"end":{"line":115,"column":2}},"115":{"start":{"line":116,"column":0},"end":{"line":116,"column":0}},"116":{"start":{"line":117,"column":0},"end":{"line":117,"column":3}},"117":{"start":{"line":118,"column":0},"end":{"line":118,"column":58}},"118":{"start":{"line":119,"column":0},"end":{"line":119,"column":45}},"119":{"start":{"line":120,"column":0},"end":{"line":120,"column":57}},"120":{"start":{"line":121,"column":0},"end":{"line":121,"column":20}},"121":{"start":{"line":122,"column":0},"end":{"line":122,"column":3}},"122":{"start":{"line":123,"column":0},"end":{"line":123,"column":74}},"123":{"start":{"line":124,"column":0},"end":{"line":124,"column":19}},"124":{"start":{"line":125,"column":0},"end":{"line":125,"column":6}},"125":{"start":{"line":126,"column":0},"end":{"line":126,"column":41}},"126":{"start":{"line":127,"column":0},"end":{"line":127,"column":56}},"127":{"start":{"line":128,"column":0},"end":{"line":128,"column":29}},"128":{"start":{"line":129,"column":0},"end":{"line":129,"column":32}},"129":{"start":{"line":130,"column":0},"end":{"line":130,"column":4}},"130":{"start":{"line":131,"column":0},"end":{"line":131,"column":32}},"131":{"start":{"line":132,"column":0},"end":{"line":132,"column":5}},"132":{"start":{"line":133,"column":0},"end":{"line":133,"column":11}},"133":{"start":{"line":134,"column":0},"end":{"line":134,"column":73}},"134":{"start":{"line":135,"column":0},"end":{"line":135,"column":6}},"135":{"start":{"line":136,"column":0},"end":{"line":136,"column":4}},"136":{"start":{"line":137,"column":0},"end":{"line":137,"column":2}},"137":{"start":{"line":138,"column":0},"end":{"line":138,"column":0}},"138":{"start":{"line":139,"column":0},"end":{"line":139,"column":3}},"139":{"start":{"line":140,"column":0},"end":{"line":140,"column":58}},"140":{"start":{"line":141,"column":0},"end":{"line":141,"column":38}},"141":{"start":{"line":142,"column":0},"end":{"line":142,"column":55}},"142":{"start":{"line":143,"column":0},"end":{"line":143,"column":40}},"143":{"start":{"line":144,"column":0},"end":{"line":144,"column":20}},"144":{"start":{"line":145,"column":0},"end":{"line":145,"column":3}},"145":{"start":{"line":146,"column":0},"end":{"line":146,"column":78}},"146":{"start":{"line":147,"column":0},"end":{"line":147,"column":18}},"147":{"start":{"line":148,"column":0},"end":{"line":148,"column":15}},"148":{"start":{"line":149,"column":0},"end":{"line":149,"column":29}},"149":{"start":{"line":150,"column":0},"end":{"line":150,"column":7}},"150":{"start":{"line":151,"column":0},"end":{"line":151,"column":54}},"151":{"start":{"line":152,"column":0},"end":{"line":152,"column":3}},"152":{"start":{"line":153,"column":0},"end":{"line":153,"column":0}},"153":{"start":{"line":154,"column":0},"end":{"line":154,"column":3}},"154":{"start":{"line":155,"column":0},"end":{"line":155,"column":10}},"155":{"start":{"line":156,"column":0},"end":{"line":156,"column":3}},"156":{"start":{"line":157,"column":0},"end":{"line":157,"column":30}},"157":{"start":{"line":158,"column":0},"end":{"line":158,"column":16}},"158":{"start":{"line":159,"column":0},"end":{"line":159,"column":62}},"159":{"start":{"line":160,"column":0},"end":{"line":160,"column":14}},"160":{"start":{"line":161,"column":0},"end":{"line":161,"column":30}},"161":{"start":{"line":162,"column":0},"end":{"line":162,"column":3}},"162":{"start":{"line":163,"column":0},"end":{"line":163,"column":19}},"163":{"start":{"line":164,"column":0},"end":{"line":164,"column":2}},"164":{"start":{"line":165,"column":0},"end":{"line":165,"column":0}},"165":{"start":{"line":166,"column":0},"end":{"line":166,"column":3}},"166":{"start":{"line":167,"column":0},"end":{"line":167,"column":10}},"167":{"start":{"line":168,"column":0},"end":{"line":168,"column":3}},"168":{"start":{"line":169,"column":0},"end":{"line":169,"column":34}},"169":{"start":{"line":170,"column":0},"end":{"line":170,"column":20}},"170":{"start":{"line":171,"column":0},"end":{"line":171,"column":62}},"171":{"start":{"line":172,"column":0},"end":{"line":172,"column":18}},"172":{"start":{"line":173,"column":0},"end":{"line":173,"column":34}},"173":{"start":{"line":174,"column":0},"end":{"line":174,"column":3}},"174":{"start":{"line":175,"column":0},"end":{"line":175,"column":19}},"175":{"start":{"line":176,"column":0},"end":{"line":176,"column":2}},"176":{"start":{"line":177,"column":0},"end":{"line":177,"column":0}},"177":{"start":{"line":178,"column":0},"end":{"line":178,"column":3}},"178":{"start":{"line":179,"column":0},"end":{"line":179,"column":10}},"179":{"start":{"line":180,"column":0},"end":{"line":180,"column":3}},"180":{"start":{"line":181,"column":0},"end":{"line":181,"column":25}},"181":{"start":{"line":182,"column":0},"end":{"line":182,"column":29}},"182":{"start":{"line":183,"column":0},"end":{"line":183,"column":47}},"183":{"start":{"line":184,"column":0},"end":{"line":184,"column":6}},"184":{"start":{"line":185,"column":0},"end":{"line":185,"column":62}},"185":{"start":{"line":186,"column":0},"end":{"line":186,"column":26}},"186":{"start":{"line":187,"column":0},"end":{"line":187,"column":71}},"187":{"start":{"line":188,"column":0},"end":{"line":188,"column":34}},"188":{"start":{"line":189,"column":0},"end":{"line":189,"column":7}},"189":{"start":{"line":190,"column":0},"end":{"line":190,"column":3}},"190":{"start":{"line":191,"column":0},"end":{"line":191,"column":2}},"191":{"start":{"line":192,"column":0},"end":{"line":192,"column":0}},"192":{"start":{"line":193,"column":0},"end":{"line":193,"column":3}},"193":{"start":{"line":194,"column":0},"end":{"line":194,"column":10}},"194":{"start":{"line":195,"column":0},"end":{"line":195,"column":3}},"195":{"start":{"line":196,"column":0},"end":{"line":196,"column":32}},"196":{"start":{"line":197,"column":0},"end":{"line":197,"column":19}},"197":{"start":{"line":198,"column":0},"end":{"line":198,"column":16}},"198":{"start":{"line":199,"column":0},"end":{"line":199,"column":65}},"199":{"start":{"line":200,"column":0},"end":{"line":200,"column":15}},"200":{"start":{"line":201,"column":0},"end":{"line":201,"column":13}},"201":{"start":{"line":202,"column":0},"end":{"line":202,"column":13}},"202":{"start":{"line":203,"column":0},"end":{"line":203,"column":26}},"203":{"start":{"line":204,"column":0},"end":{"line":204,"column":34}},"204":{"start":{"line":205,"column":0},"end":{"line":205,"column":6}},"205":{"start":{"line":206,"column":0},"end":{"line":206,"column":34}},"206":{"start":{"line":207,"column":0},"end":{"line":207,"column":29}},"207":{"start":{"line":208,"column":0},"end":{"line":208,"column":12}},"208":{"start":{"line":209,"column":0},"end":{"line":209,"column":6}},"209":{"start":{"line":210,"column":0},"end":{"line":210,"column":4}},"210":{"start":{"line":211,"column":0},"end":{"line":211,"column":15}},"211":{"start":{"line":212,"column":0},"end":{"line":212,"column":13}},"212":{"start":{"line":213,"column":0},"end":{"line":213,"column":13}},"213":{"start":{"line":214,"column":0},"end":{"line":214,"column":34}},"214":{"start":{"line":215,"column":0},"end":{"line":215,"column":6}},"215":{"start":{"line":216,"column":0},"end":{"line":216,"column":48}},"216":{"start":{"line":217,"column":0},"end":{"line":217,"column":4}},"217":{"start":{"line":218,"column":0},"end":{"line":218,"column":18}},"218":{"start":{"line":219,"column":0},"end":{"line":219,"column":13}},"219":{"start":{"line":220,"column":0},"end":{"line":220,"column":13}},"220":{"start":{"line":221,"column":0},"end":{"line":221,"column":34}},"221":{"start":{"line":222,"column":0},"end":{"line":222,"column":6}},"222":{"start":{"line":223,"column":0},"end":{"line":223,"column":65}},"223":{"start":{"line":224,"column":0},"end":{"line":224,"column":4}},"224":{"start":{"line":225,"column":0},"end":{"line":225,"column":3}},"225":{"start":{"line":226,"column":0},"end":{"line":226,"column":0}},"226":{"start":{"line":227,"column":0},"end":{"line":227,"column":3}},"227":{"start":{"line":228,"column":0},"end":{"line":228,"column":51}},"228":{"start":{"line":229,"column":0},"end":{"line":229,"column":42}},"229":{"start":{"line":230,"column":0},"end":{"line":230,"column":36}},"230":{"start":{"line":231,"column":0},"end":{"line":231,"column":20}},"231":{"start":{"line":232,"column":0},"end":{"line":232,"column":3}},"232":{"start":{"line":233,"column":0},"end":{"line":233,"column":36}},"233":{"start":{"line":234,"column":0},"end":{"line":234,"column":31}},"234":{"start":{"line":235,"column":0},"end":{"line":235,"column":16}},"235":{"start":{"line":236,"column":0},"end":{"line":236,"column":44}},"236":{"start":{"line":237,"column":0},"end":{"line":237,"column":14}},"237":{"start":{"line":238,"column":0},"end":{"line":238,"column":53}},"238":{"start":{"line":239,"column":0},"end":{"line":239,"column":3}},"239":{"start":{"line":240,"column":0},"end":{"line":240,"column":0}},"240":{"start":{"line":241,"column":0},"end":{"line":241,"column":3}},"241":{"start":{"line":242,"column":0},"end":{"line":242,"column":46}},"242":{"start":{"line":243,"column":0},"end":{"line":243,"column":65}},"243":{"start":{"line":244,"column":0},"end":{"line":244,"column":45}},"244":{"start":{"line":245,"column":0},"end":{"line":245,"column":20}},"245":{"start":{"line":246,"column":0},"end":{"line":246,"column":3}},"246":{"start":{"line":247,"column":0},"end":{"line":247,"column":32}},"247":{"start":{"line":248,"column":0},"end":{"line":248,"column":31}},"248":{"start":{"line":249,"column":0},"end":{"line":249,"column":45}},"249":{"start":{"line":250,"column":0},"end":{"line":250,"column":21}},"250":{"start":{"line":251,"column":0},"end":{"line":251,"column":35}},"251":{"start":{"line":252,"column":0},"end":{"line":252,"column":50}},"252":{"start":{"line":253,"column":0},"end":{"line":253,"column":27}},"253":{"start":{"line":254,"column":0},"end":{"line":254,"column":2}},"254":{"start":{"line":255,"column":0},"end":{"line":255,"column":0}},"255":{"start":{"line":256,"column":0},"end":{"line":256,"column":3}},"256":{"start":{"line":257,"column":0},"end":{"line":257,"column":40}},"257":{"start":{"line":258,"column":0},"end":{"line":258,"column":70}},"258":{"start":{"line":259,"column":0},"end":{"line":259,"column":65}},"259":{"start":{"line":260,"column":0},"end":{"line":260,"column":77}},"260":{"start":{"line":261,"column":0},"end":{"line":261,"column":3}},"261":{"start":{"line":262,"column":0},"end":{"line":262,"column":27}},"262":{"start":{"line":263,"column":0},"end":{"line":263,"column":19}},"263":{"start":{"line":264,"column":0},"end":{"line":264,"column":40}},"264":{"start":{"line":265,"column":0},"end":{"line":265,"column":22}},"265":{"start":{"line":266,"column":0},"end":{"line":266,"column":6}},"266":{"start":{"line":267,"column":0},"end":{"line":267,"column":75}},"267":{"start":{"line":268,"column":0},"end":{"line":268,"column":21}},"268":{"start":{"line":269,"column":0},"end":{"line":269,"column":2}}},"s":{"0":1,"1":1,"2":1,"3":1,"4":1,"5":1,"6":1,"7":1,"8":1,"9":1,"10":1,"11":1,"12":1,"13":1,"14":1,"15":1,"16":1,"17":1,"18":1,"19":1,"20":1,"21":1,"22":1,"23":1,"24":1,"25":1,"26":1,"27":1,"28":1,"29":36,"30":36,"31":1,"32":1,"33":1,"34":1,"35":1,"36":1,"37":1,"38":1,"39":1,"40":1,"41":1,"42":4,"43":4,"44":4,"45":1,"46":1,"47":1,"48":1,"49":1,"50":1,"51":1,"52":1,"53":1,"54":1,"55":1,"56":1,"57":1,"58":1,"59":1,"60":1,"61":9,"62":9,"63":9,"64":1,"65":1,"66":1,"67":1,"68":1,"69":1,"70":1,"71":1,"72":1,"73":1,"74":1,"75":1,"76":1,"77":1,"78":36,"79":36,"80":17,"81":1,"82":1,"83":1,"84":1,"85":1,"86":1,"87":1,"88":1,"89":20,"90":20,"91":4,"92":4,"93":4,"94":4,"95":4,"96":4,"97":16,"98":16,"99":16,"100":16,"101":1,"102":1,"103":1,"104":1,"105":1,"106":1,"107":1,"108":1,"109":18,"110":18,"111":18,"112":18,"113":18,"114":18,"115":1,"116":1,"117":1,"118":1,"119":1,"120":1,"121":1,"122":1,"123":1,"124":6,"125":6,"126":6,"127":6,"128":6,"129":6,"130":6,"131":6,"132":6,"133":6,"134":6,"135":6,"136":6,"137":1,"138":1,"139":1,"140":1,"141":1,"142":1,"143":1,"144":1,"145":1,"146":6,"147":6,"148":1,"149":1,"150":1,"151":1,"152":1,"153":1,"154":1,"155":1,"156":1,"157":1,"158":10,"159":10,"160":5,"161":5,"162":5,"163":5,"164":1,"165":1,"166":1,"167":1,"168":1,"169":1,"170":14,"171":14,"172":1,"173":1,"174":13,"175":13,"176":1,"177":1,"178":1,"179":1,"180":1,"181":14,"182":14,"183":14,"184":14,"185":14,"186":4,"187":4,"188":4,"189":4,"190":14,"191":1,"192":1,"193":1,"194":1,"195":1,"196":13,"197":13,"198":13,"199":1,"200":6,"201":6,"202":6,"203":6,"204":6,"205":6,"206":6,"207":6,"208":6,"209":6,"210":1,"211":3,"212":3,"213":3,"214":3,"215":3,"216":3,"217":1,"218":3,"219":3,"220":3,"221":3,"222":3,"223":3,"224":1,"225":1,"226":1,"227":1,"228":1,"229":1,"230":1,"231":1,"232":1,"233":2,"234":2,"235":1,"236":1,"237":1,"238":1,"239":1,"240":1,"241":1,"242":1,"243":1,"244":1,"245":1,"246":1,"247":8,"248":8,"249":8,"250":8,"251":8,"252":8,"253":8,"254":1,"255":1,"256":1,"257":1,"258":1,"259":1,"260":1,"261":1,"262":4,"263":4,"264":4,"265":4,"266":4,"267":4,"268":4},"branchMap":{"0":{"type":"branch","line":29,"loc":{"start":{"line":29,"column":2},"end":{"line":31,"column":4}},"locations":[{"start":{"line":29,"column":2},"end":{"line":31,"column":4}}]},"1":{"type":"branch","line":35,"loc":{"start":{"line":35,"column":2},"end":{"line":37,"column":4}},"locations":[{"start":{"line":35,"column":2},"end":{"line":37,"column":4}}]},"2":{"type":"branch","line":42,"loc":{"start":{"line":42,"column":2},"end":{"line":45,"column":4}},"locations":[{"start":{"line":42,"column":2},"end":{"line":45,"column":4}}]},"3":{"type":"branch","line":61,"loc":{"start":{"line":61,"column":29},"end":{"line":64,"column":21}},"locations":[{"start":{"line":61,"column":29},"end":{"line":64,"column":21}}]},"4":{"type":"branch","line":67,"loc":{"start":{"line":67,"column":11},"end":{"line":67,"column":26}},"locations":[{"start":{"line":67,"column":11},"end":{"line":67,"column":26}}]},"5":{"type":"branch","line":78,"loc":{"start":{"line":78,"column":2},"end":{"line":81,"column":19}},"locations":[{"start":{"line":78,"column":2},"end":{"line":81,"column":19}}]},"6":{"type":"branch","line":79,"loc":{"start":{"line":79,"column":21},"end":{"line":80,"column":6}},"locations":[{"start":{"line":79,"column":21},"end":{"line":80,"column":6}}]},"7":{"type":"branch","line":80,"loc":{"start":{"line":80,"column":4},"end":{"line":81,"column":19}},"locations":[{"start":{"line":80,"column":4},"end":{"line":81,"column":19}}]},"8":{"type":"branch","line":89,"loc":{"start":{"line":89,"column":2},"end":{"line":101,"column":2}},"locations":[{"start":{"line":89,"column":2},"end":{"line":101,"column":2}}]},"9":{"type":"branch","line":91,"loc":{"start":{"line":91,"column":44},"end":{"line":97,"column":3}},"locations":[{"start":{"line":91,"column":44},"end":{"line":97,"column":3}}]},"10":{"type":"branch","line":98,"loc":{"start":{"line":98,"column":-1},"end":{"line":101,"column":2}},"locations":[{"start":{"line":98,"column":-1},"end":{"line":101,"column":2}}]},"11":{"type":"branch","line":109,"loc":{"start":{"line":109,"column":2},"end":{"line":115,"column":2}},"locations":[{"start":{"line":109,"column":2},"end":{"line":115,"column":2}}]},"12":{"type":"branch","line":124,"loc":{"start":{"line":124,"column":2},"end":{"line":137,"column":2}},"locations":[{"start":{"line":124,"column":2},"end":{"line":137,"column":2}}]},"13":{"type":"branch","line":146,"loc":{"start":{"line":146,"column":77},"end":{"line":149,"column":28}},"locations":[{"start":{"line":146,"column":77},"end":{"line":149,"column":28}}]},"14":{"type":"branch","line":158,"loc":{"start":{"line":158,"column":2},"end":{"line":164,"column":2}},"locations":[{"start":{"line":158,"column":2},"end":{"line":164,"column":2}}]},"15":{"type":"branch","line":159,"loc":{"start":{"line":159,"column":35},"end":{"line":164,"column":2}},"locations":[{"start":{"line":159,"column":35},"end":{"line":164,"column":2}}]},"16":{"type":"branch","line":160,"loc":{"start":{"line":160,"column":13},"end":{"line":164,"column":2}},"locations":[{"start":{"line":160,"column":13},"end":{"line":164,"column":2}}]},"17":{"type":"branch","line":170,"loc":{"start":{"line":170,"column":2},"end":{"line":176,"column":2}},"locations":[{"start":{"line":170,"column":2},"end":{"line":176,"column":2}}]},"18":{"type":"branch","line":171,"loc":{"start":{"line":171,"column":35},"end":{"line":176,"column":2}},"locations":[{"start":{"line":171,"column":35},"end":{"line":176,"column":2}}]},"19":{"type":"branch","line":172,"loc":{"start":{"line":172,"column":17},"end":{"line":174,"column":3}},"locations":[{"start":{"line":172,"column":17},"end":{"line":174,"column":3}}]},"20":{"type":"branch","line":175,"loc":{"start":{"line":175,"column":-1},"end":{"line":176,"column":2}},"locations":[{"start":{"line":175,"column":-1},"end":{"line":176,"column":2}}]},"21":{"type":"branch","line":181,"loc":{"start":{"line":181,"column":24},"end":{"line":191,"column":2}},"locations":[{"start":{"line":181,"column":24},"end":{"line":191,"column":2}}]},"22":{"type":"branch","line":186,"loc":{"start":{"line":186,"column":25},"end":{"line":190,"column":3}},"locations":[{"start":{"line":186,"column":25},"end":{"line":190,"column":3}}]},"23":{"type":"branch","line":185,"loc":{"start":{"line":185,"column":33},"end":{"line":185,"column":46}},"locations":[{"start":{"line":185,"column":33},"end":{"line":185,"column":46}}]},"24":{"type":"branch","line":188,"loc":{"start":{"line":188,"column":14},"end":{"line":188,"column":34}},"locations":[{"start":{"line":188,"column":14},"end":{"line":188,"column":34}}]},"25":{"type":"branch","line":196,"loc":{"start":{"line":196,"column":31},"end":{"line":199,"column":65}},"locations":[{"start":{"line":196,"column":31},"end":{"line":199,"column":65}}]},"26":{"type":"branch","line":200,"loc":{"start":{"line":200,"column":8},"end":{"line":210,"column":4}},"locations":[{"start":{"line":200,"column":8},"end":{"line":210,"column":4}}]},"27":{"type":"branch","line":211,"loc":{"start":{"line":211,"column":8},"end":{"line":217,"column":4}},"locations":[{"start":{"line":211,"column":8},"end":{"line":217,"column":4}}]},"28":{"type":"branch","line":218,"loc":{"start":{"line":218,"column":11},"end":{"line":224,"column":4}},"locations":[{"start":{"line":218,"column":11},"end":{"line":224,"column":4}}]},"29":{"type":"branch","line":233,"loc":{"start":{"line":233,"column":35},"end":{"line":236,"column":43}},"locations":[{"start":{"line":233,"column":35},"end":{"line":236,"column":43}}]},"30":{"type":"branch","line":247,"loc":{"start":{"line":247,"column":31},"end":{"line":254,"column":2}},"locations":[{"start":{"line":247,"column":31},"end":{"line":254,"column":2}}]},"31":{"type":"branch","line":262,"loc":{"start":{"line":262,"column":26},"end":{"line":269,"column":2}},"locations":[{"start":{"line":262,"column":26},"end":{"line":269,"column":2}}]}},"b":{"0":[36],"1":[1],"2":[4],"3":[9],"4":[20],"5":[36],"6":[19],"7":[17],"8":[20],"9":[4],"10":[16],"11":[18],"12":[6],"13":[6],"14":[10],"15":[10],"16":[5],"17":[14],"18":[14],"19":[1],"20":[13],"21":[14],"22":[4],"23":[20],"24":[4],"25":[13],"26":[6],"27":[3],"28":[3],"29":[2],"30":[8],"31":[4]},"fnMap":{"0":{"name":"get separator","decl":{"start":{"line":29,"column":2},"end":{"line":31,"column":4}},"loc":{"start":{"line":29,"column":2},"end":{"line":31,"column":4}},"line":29},"1":{"name":"set separator","decl":{"start":{"line":35,"column":2},"end":{"line":37,"column":4}},"loc":{"start":{"line":35,"column":2},"end":{"line":37,"column":4}},"line":35},"2":{"name":"setSeparator","decl":{"start":{"line":42,"column":2},"end":{"line":45,"column":4}},"loc":{"start":{"line":42,"column":2},"end":{"line":45,"column":4}},"line":42},"3":{"name":"normalizePath","decl":{"start":{"line":61,"column":29},"end":{"line":64,"column":21}},"loc":{"start":{"line":61,"column":29},"end":{"line":64,"column":21}},"line":61},"4":{"name":"normalizeLoggingNaming","decl":{"start":{"line":78,"column":2},"end":{"line":81,"column":19}},"loc":{"start":{"line":78,"column":2},"end":{"line":81,"column":19}},"line":78},"5":{"name":"getLoggingNamingFromPackageName","decl":{"start":{"line":89,"column":2},"end":{"line":101,"column":2}},"loc":{"start":{"line":89,"column":2},"end":{"line":101,"column":2}},"line":89},"6":{"name":"parseLoggingNameByPackageName","decl":{"start":{"line":109,"column":2},"end":{"line":115,"column":2}},"loc":{"start":{"line":109,"column":2},"end":{"line":115,"column":2}},"line":109},"7":{"name":"parseLoggingNameByFileName","decl":{"start":{"line":124,"column":2},"end":{"line":137,"column":2}},"loc":{"start":{"line":124,"column":2},"end":{"line":137,"column":2}},"line":124},"8":{"name":"parseLoggingNameByName","decl":{"start":{"line":146,"column":77},"end":{"line":149,"column":28}},"loc":{"start":{"line":146,"column":77},"end":{"line":149,"column":28}},"line":146},"9":{"name":"nameValidator","decl":{"start":{"line":158,"column":2},"end":{"line":164,"column":2}},"loc":{"start":{"line":158,"column":2},"end":{"line":164,"column":2}},"line":158},"10":{"name":"fileNameValidator","decl":{"start":{"line":170,"column":2},"end":{"line":176,"column":2}},"loc":{"start":{"line":170,"column":2},"end":{"line":176,"column":2}},"line":170},"11":{"name":"validate","decl":{"start":{"line":181,"column":24},"end":{"line":191,"column":2}},"loc":{"start":{"line":181,"column":24},"end":{"line":191,"column":2}},"line":181},"12":{"name":"bindNameParsers","decl":{"start":{"line":196,"column":31},"end":{"line":199,"column":65}},"loc":{"start":{"line":196,"column":31},"end":{"line":199,"column":65}},"line":196},"13":{"name":"name","decl":{"start":{"line":200,"column":8},"end":{"line":210,"column":4}},"loc":{"start":{"line":200,"column":8},"end":{"line":210,"column":4}},"line":200},"14":{"name":"file","decl":{"start":{"line":211,"column":8},"end":{"line":217,"column":4}},"loc":{"start":{"line":211,"column":8},"end":{"line":217,"column":4}},"line":211},"15":{"name":"package","decl":{"start":{"line":218,"column":11},"end":{"line":224,"column":4}},"loc":{"start":{"line":218,"column":11},"end":{"line":224,"column":4}},"line":218},"16":{"name":"extendLoggingNaming","decl":{"start":{"line":233,"column":35},"end":{"line":236,"column":43}},"loc":{"start":{"line":233,"column":35},"end":{"line":236,"column":43}},"line":233},"17":{"name":"parseLoggerName","decl":{"start":{"line":247,"column":31},"end":{"line":254,"column":2}},"loc":{"start":{"line":247,"column":31},"end":{"line":254,"column":2}},"line":247},"18":{"name":"makeLogger","decl":{"start":{"line":262,"column":26},"end":{"line":269,"column":2}},"loc":{"start":{"line":262,"column":26},"end":{"line":269,"column":2}},"line":262}},"f":{"0":36,"1":1,"2":4,"3":9,"4":36,"5":20,"6":18,"7":6,"8":6,"9":10,"10":14,"11":14,"12":13,"13":6,"14":3,"15":3,"16":2,"17":8,"18":4}}
,"/home/runner/work/tscmono/tscmono/packages/utils/src/package.ts": {"path":"/home/runner/work/tscmono/tscmono/packages/utils/src/package.ts","all":false,"statementMap":{"0":{"start":{"line":1,"column":0},"end":{"line":1,"column":20}},"1":{"start":{"line":2,"column":0},"end":{"line":2,"column":24}},"2":{"start":{"line":3,"column":0},"end":{"line":3,"column":0}},"3":{"start":{"line":4,"column":0},"end":{"line":4,"column":3}},"4":{"start":{"line":5,"column":0},"end":{"line":5,"column":41}},"5":{"start":{"line":6,"column":0},"end":{"line":6,"column":22}},"6":{"start":{"line":7,"column":0},"end":{"line":7,"column":17}},"7":{"start":{"line":8,"column":0},"end":{"line":8,"column":3}},"8":{"start":{"line":9,"column":0},"end":{"line":9,"column":55}},"9":{"start":{"line":10,"column":0},"end":{"line":10,"column":36}},"10":{"start":{"line":11,"column":0},"end":{"line":11,"column":2}},"11":{"start":{"line":12,"column":0},"end":{"line":12,"column":0}},"12":{"start":{"line":13,"column":0},"end":{"line":13,"column":3}},"13":{"start":{"line":14,"column":0},"end":{"line":14,"column":51}},"14":{"start":{"line":15,"column":0},"end":{"line":15,"column":18}},"15":{"start":{"line":16,"column":0},"end":{"line":16,"column":17}},"16":{"start":{"line":17,"column":0},"end":{"line":17,"column":3}},"17":{"start":{"line":18,"column":0},"end":{"line":18,"column":61}},"18":{"start":{"line":19,"column":0},"end":{"line":19,"column":36}},"19":{"start":{"line":20,"column":0},"end":{"line":20,"column":2}},"20":{"start":{"line":21,"column":0},"end":{"line":21,"column":0}},"21":{"start":{"line":22,"column":0},"end":{"line":22,"column":3}},"22":{"start":{"line":23,"column":0},"end":{"line":23,"column":69}},"23":{"start":{"line":24,"column":0},"end":{"line":24,"column":78}},"24":{"start":{"line":25,"column":0},"end":{"line":25,"column":55}},"25":{"start":{"line":26,"column":0},"end":{"line":26,"column":76}},"26":{"start":{"line":27,"column":0},"end":{"line":27,"column":17}},"27":{"start":{"line":28,"column":0},"end":{"line":28,"column":3}},"28":{"start":{"line":29,"column":0},"end":{"line":29,"column":32}},"29":{"start":{"line":30,"column":0},"end":{"line":30,"column":14}},"30":{"start":{"line":31,"column":0},"end":{"line":31,"column":16}},"31":{"start":{"line":32,"column":0},"end":{"line":32,"column":14}},"32":{"start":{"line":33,"column":0},"end":{"line":33,"column":29}},"33":{"start":{"line":34,"column":0},"end":{"line":34,"column":43}},"34":{"start":{"line":35,"column":0},"end":{"line":35,"column":3}},"35":{"start":{"line":36,"column":0},"end":{"line":36,"column":28}},"36":{"start":{"line":37,"column":0},"end":{"line":37,"column":15}},"37":{"start":{"line":38,"column":0},"end":{"line":38,"column":3}},"38":{"start":{"line":39,"column":0},"end":{"line":39,"column":49}},"39":{"start":{"line":40,"column":0},"end":{"line":40,"column":2}}},"s":{"0":1,"1":1,"2":1,"3":1,"4":1,"5":1,"6":1,"7":1,"8":1,"9":1,"10":1,"11":1,"12":1,"13":1,"14":1,"15":1,"16":1,"17":1,"18":1,"19":1,"20":1,"21":1,"22":1,"23":1,"24":1,"25":1,"26":1,"27":1,"28":1,"29":36,"30":36,"31":36,"32":36,"33":0,"34":0,"35":36,"36":24,"37":24,"38":12,"39":12},"branchMap":{"0":{"type":"branch","line":9,"loc":{"start":{"line":9,"column":31},"end":{"line":9,"column":55}},"locations":[{"start":{"line":9,"column":31},"end":{"line":9,"column":55}}]},"1":{"type":"branch","line":18,"loc":{"start":{"line":18,"column":31},"end":{"line":18,"column":50}},"locations":[{"start":{"line":18,"column":31},"end":{"line":18,"column":50}}]},"2":{"type":"branch","line":29,"loc":{"start":{"line":29,"column":31},"end":{"line":40,"column":2}},"locations":[{"start":{"line":29,"column":31},"end":{"line":40,"column":2}}]},"3":{"type":"branch","line":33,"loc":{"start":{"line":33,"column":10},"end":{"line":33,"column":28}},"locations":[{"start":{"line":33,"column":10},"end":{"line":33,"column":28}}]},"4":{"type":"branch","line":33,"loc":{"start":{"line":33,"column":28},"end":{"line":35,"column":3}},"locations":[{"start":{"line":33,"column":28},"end":{"line":35,"column":3}}]},"5":{"type":"branch","line":36,"loc":{"start":{"line":36,"column":27},"end":{"line":38,"column":3}},"locations":[{"start":{"line":36,"column":27},"end":{"line":38,"column":3}}]},"6":{"type":"branch","line":39,"loc":{"start":{"line":39,"column":-1},"end":{"line":40,"column":2}},"locations":[{"start":{"line":39,"column":-1},"end":{"line":40,"column":2}}]}},"b":{"0":[18],"1":[36],"2":[36],"3":[12],"4":[0],"5":[24],"6":[12]},"fnMap":{"0":{"name":"getPackageJson","decl":{"start":{"line":9,"column":31},"end":{"line":9,"column":55}},"loc":{"start":{"line":9,"column":31},"end":{"line":9,"column":55}},"line":9},"1":{"name":"hasPackageJson","decl":{"start":{"line":18,"column":31},"end":{"line":18,"column":50}},"loc":{"start":{"line":18,"column":31},"end":{"line":18,"column":50}},"line":18},"2":{"name":"findPackageJson","decl":{"start":{"line":29,"column":31},"end":{"line":40,"column":2}},"loc":{"start":{"line":29,"column":31},"end":{"line":40,"column":2}},"line":29}},"f":{"0":18,"1":36,"2":36}}
,"/home/runner/work/tscmono/tscmono/packages/utils/src/tree.ts": {"path":"/home/runner/work/tscmono/tscmono/packages/utils/src/tree.ts","all":false,"statementMap":{"0":{"start":{"line":1,"column":0},"end":{"line":1,"column":33}},"1":{"start":{"line":2,"column":0},"end":{"line":2,"column":0}},"2":{"start":{"line":3,"column":0},"end":{"line":3,"column":24}},"3":{"start":{"line":4,"column":0},"end":{"line":4,"column":15}},"4":{"start":{"line":5,"column":0},"end":{"line":5,"column":46}},"5":{"start":{"line":6,"column":0},"end":{"line":6,"column":2}},"6":{"start":{"line":7,"column":0},"end":{"line":7,"column":0}},"7":{"start":{"line":8,"column":0},"end":{"line":8,"column":35}},"8":{"start":{"line":9,"column":0},"end":{"line":9,"column":0}},"9":{"start":{"line":10,"column":0},"end":{"line":10,"column":27}},"10":{"start":{"line":11,"column":0},"end":{"line":11,"column":16}},"11":{"start":{"line":12,"column":0},"end":{"line":12,"column":16}},"12":{"start":{"line":13,"column":0},"end":{"line":13,"column":28}},"13":{"start":{"line":14,"column":0},"end":{"line":14,"column":62}},"14":{"start":{"line":15,"column":0},"end":{"line":15,"column":37}},"15":{"start":{"line":16,"column":0},"end":{"line":16,"column":20}},"16":{"start":{"line":17,"column":0},"end":{"line":17,"column":14}},"17":{"start":{"line":18,"column":0},"end":{"line":18,"column":48}},"18":{"start":{"line":19,"column":0},"end":{"line":19,"column":20}},"19":{"start":{"line":20,"column":0},"end":{"line":20,"column":32}},"20":{"start":{"line":21,"column":0},"end":{"line":21,"column":28}},"21":{"start":{"line":22,"column":0},"end":{"line":22,"column":18}},"22":{"start":{"line":23,"column":0},"end":{"line":23,"column":68}},"23":{"start":{"line":24,"column":0},"end":{"line":24,"column":8}},"24":{"start":{"line":25,"column":0},"end":{"line":25,"column":12}},"25":{"start":{"line":26,"column":0},"end":{"line":26,"column":18}},"26":{"start":{"line":27,"column":0},"end":{"line":27,"column":59}},"27":{"start":{"line":28,"column":0},"end":{"line":28,"column":8}},"28":{"start":{"line":29,"column":0},"end":{"line":29,"column":5}},"29":{"start":{"line":30,"column":0},"end":{"line":30,"column":12}},"30":{"start":{"line":31,"column":0},"end":{"line":31,"column":24}},"31":{"start":{"line":32,"column":0},"end":{"line":32,"column":15}},"32":{"start":{"line":33,"column":0},"end":{"line":33,"column":6}},"33":{"start":{"line":34,"column":0},"end":{"line":34,"column":3}},"34":{"start":{"line":35,"column":0},"end":{"line":35,"column":19}},"35":{"start":{"line":36,"column":0},"end":{"line":36,"column":2}},"36":{"start":{"line":37,"column":0},"end":{"line":37,"column":0}},"37":{"start":{"line":38,"column":0},"end":{"line":38,"column":28}},"38":{"start":{"line":39,"column":0},"end":{"line":39,"column":18}},"39":{"start":{"line":40,"column":0},"end":{"line":40,"column":16}},"40":{"start":{"line":41,"column":0},"end":{"line":41,"column":26}},"41":{"start":{"line":42,"column":0},"end":{"line":42,"column":52}},"42":{"start":{"line":43,"column":0},"end":{"line":43,"column":18}},"43":{"start":{"line":44,"column":0},"end":{"line":44,"column":20}},"44":{"start":{"line":45,"column":0},"end":{"line":45,"column":12}},"45":{"start":{"line":46,"column":0},"end":{"line":46,"column":7}},"46":{"start":{"line":47,"column":0},"end":{"line":47,"column":23}},"47":{"start":{"line":48,"column":0},"end":{"line":48,"column":21}},"48":{"start":{"line":49,"column":0},"end":{"line":49,"column":27}},"49":{"start":{"line":50,"column":0},"end":{"line":50,"column":21}},"50":{"start":{"line":51,"column":0},"end":{"line":51,"column":6}},"51":{"start":{"line":52,"column":0},"end":{"line":52,"column":14}},"52":{"start":{"line":53,"column":0},"end":{"line":53,"column":2}}},"s":{"0":1,"1":1,"2":1,"3":1,"4":1,"5":1,"6":1,"7":1,"8":1,"9":1,"10":30,"11":30,"12":30,"13":30,"14":30,"15":30,"16":30,"17":30,"18":30,"19":30,"20":29,"21":15,"22":15,"23":15,"24":29,"25":14,"26":14,"27":14,"28":14,"29":29,"30":29,"31":29,"32":29,"33":29,"34":1,"35":1,"36":1,"37":1,"38":1,"39":2,"40":2,"41":2,"42":2,"43":2,"44":2,"45":2,"46":11,"47":11,"48":2,"49":2,"50":2,"51":2,"52":2},"branchMap":{"0":{"type":"branch","line":10,"loc":{"start":{"line":10,"column":26},"end":{"line":36,"column":2}},"locations":[{"start":{"line":10,"column":26},"end":{"line":36,"column":2}}]},"1":{"type":"branch","line":20,"loc":{"start":{"line":20,"column":31},"end":{"line":34,"column":3}},"locations":[{"start":{"line":20,"column":31},"end":{"line":34,"column":3}}]},"2":{"type":"branch","line":21,"loc":{"start":{"line":21,"column":27},"end":{"line":25,"column":11}},"locations":[{"start":{"line":21,"column":27},"end":{"line":25,"column":11}}]},"3":{"type":"branch","line":25,"loc":{"start":{"line":25,"column":5},"end":{"line":29,"column":5}},"locations":[{"start":{"line":25,"column":5},"end":{"line":29,"column":5}}]},"4":{"type":"branch","line":35,"loc":{"start":{"line":35,"column":-1},"end":{"line":36,"column":2}},"locations":[{"start":{"line":35,"column":-1},"end":{"line":36,"column":2}}]},"5":{"type":"branch","line":39,"loc":{"start":{"line":39,"column":2},"end":{"line":53,"column":2}},"locations":[{"start":{"line":39,"column":2},"end":{"line":53,"column":2}}]},"6":{"type":"branch","line":42,"loc":{"start":{"line":42,"column":5},"end":{"line":42,"column":27}},"locations":[{"start":{"line":42,"column":5},"end":{"line":42,"column":27}}]},"7":{"type":"branch","line":46,"loc":{"start":{"line":46,"column":6},"end":{"line":49,"column":17}},"locations":[{"start":{"line":46,"column":6},"end":{"line":49,"column":17}}]}},"b":{"0":[30],"1":[29],"2":[15],"3":[14],"4":[1],"5":[2],"6":[11],"7":[11]},"fnMap":{"0":{"name":"pathToTree","decl":{"start":{"line":10,"column":26},"end":{"line":36,"column":2}},"loc":{"start":{"line":10,"column":26},"end":{"line":36,"column":2}},"line":10},"1":{"name":"pathsToTree","decl":{"start":{"line":39,"column":2},"end":{"line":53,"column":2}},"loc":{"start":{"line":39,"column":2},"end":{"line":53,"column":2}},"line":39}},"f":{"0":30,"1":2}}
}
